{"/Users/fernanda.acuna/DEV004-md-links/mdlinks.js": {"path":"/Users/fernanda.acuna/DEV004-md-links/mdlinks.js","statementMap":{"0":{"start":{"line":2,"column":23},"end":{"line":4,"column":1}}},"fnMap":{"0":{"name":"(anonymous_0)","decl":{"start":{"line":2,"column":23},"end":{"line":2,"column":24}},"loc":{"start":{"line":2,"column":42},"end":{"line":4,"column":1}},"line":2}},"branchMap":{},"s":{"0":1},"f":{"0":0},"b":{},"_coverageSchema":"1a1c01bbd47fc00a2c39e90264f33305004495a9","hash":"3cf13dd00f8fd2d6d59f359dcf95124b5391e59f"}
}
